#
# There is insufficient memory for the Java Runtime Environment to continue.
# Native memory allocation (mmap) failed to map 65536 bytes for Failed to commit metaspace.
# Possible reasons:
#   The system is out of physical RAM or swap space
#   The process is running with CompressedOops enabled, and the Java Heap may be blocking the growth of the native heap
# Possible solutions:
#   Reduce memory load on the system
#   Increase physical memory or swap space
#   Check if swap backing store is full
#   Decrease Java heap size (-Xmx/-Xms)
#   Decrease number of Java threads
#   Decrease Java thread stack sizes (-Xss)
#   Set larger code cache with -XX:ReservedCodeCacheSize=
#   JVM is running with Unscaled Compressed Oops mode in which the Java heap is
#     placed in the first 4GB address space. The Java Heap base address is the
#     maximum limit for the native heap growth. Please use -XX:HeapBaseMinAddress
#     to set the Java Heap base and to place the Java Heap above 4GB virtual address.
# This output file may be truncated or incomplete.
#
#  Out of Memory Error (virtualSpaceNode.cpp:110), pid=12276, tid=2572
#
# JRE version: OpenJDK Runtime Environment (17.0.7) (build 17.0.7+0-b2043.56-10550314)
# Java VM: OpenJDK 64-Bit Server VM (17.0.7+0-b2043.56-10550314, mixed mode, tiered, compressed oops, compressed class ptrs, g1 gc, windows-amd64)
# No core dump will be written. Minidumps are not enabled by default on client versions of Windows
#

---------------  S U M M A R Y ------------

Command Line: org.jetbrains.kotlin.cli.jvm.K2JVMCompiler @C:\Users\WANDER-TS\Desktop\pro\AppGynRv\app\build\20240323_6643657468335739361.compiler.options

Host: AMD Ryzen 5 3450U with Radeon Vega Mobile Gfx  , 8 cores, 5G,  Windows 10 , 64 bit Build 19041 (10.0.19041.3636)
Time: Sat Mar 23 17:13:02 2024 Hora est. Pacífico, Sudamérica elapsed time: 4.600580 seconds (0d 0h 0m 4s)

---------------  T H R E A D  ---------------

Current thread (0x000001e933a11190):  JavaThread "main" [_thread_in_vm, id=2572, stack(0x0000003d20100000,0x0000003d20200000)]

Stack: [0x0000003d20100000,0x0000003d20200000]
Native frames: (J=compiled Java code, j=interpreted, Vv=VM code, C=native code)
V  [jvm.dll+0x683bfa]
V  [jvm.dll+0x8430a4]
V  [jvm.dll+0x8449be]
V  [jvm.dll+0x845023]
V  [jvm.dll+0x24ad2f]
V  [jvm.dll+0x83e45b]
V  [jvm.dll+0x6281e6]
V  [jvm.dll+0x1c29ee]
V  [jvm.dll+0x62ab31]
V  [jvm.dll+0x628b86]
V  [jvm.dll+0x23ec1f]
V  [jvm.dll+0x632a15]
V  [jvm.dll+0x1eea7b]
V  [jvm.dll+0x1eefb5]
V  [jvm.dll+0x1ef8d4]
V  [jvm.dll+0x1e4e1c]
V  [jvm.dll+0x54a1dd]
V  [jvm.dll+0x7bd775]
V  [jvm.dll+0x7bd88e]
V  [jvm.dll+0x413a8a]
V  [jvm.dll+0x419c09]
C  [java.dll+0x17ec]

Java frames: (J=compiled Java code, j=interpreted, Vv=VM code)
J 458  java.lang.ClassLoader.defineClass1(Ljava/lang/ClassLoader;Ljava/lang/String;[BIILjava/security/ProtectionDomain;Ljava/lang/String;)Ljava/lang/Class; java.base@17.0.7 (0 bytes) @ 0x000001e93e9e22db [0x000001e93e9e2220+0x00000000000000bb]
J 616 c1 java.lang.ClassLoader.defineClass(Ljava/lang/String;[BIILjava/security/ProtectionDomain;)Ljava/lang/Class; java.base@17.0.7 (43 bytes) @ 0x000001e936ff6fc4 [0x000001e936ff6c80+0x0000000000000344]
J 586 c1 java.security.SecureClassLoader.defineClass(Ljava/lang/String;[BIILjava/security/CodeSource;)Ljava/lang/Class; java.base@17.0.7 (16 bytes) @ 0x000001e936fe560c [0x000001e936fe5540+0x00000000000000cc]
J 1227 c1 jdk.internal.loader.BuiltinClassLoader.defineClass(Ljava/lang/String;Ljdk/internal/loader/Resource;)Ljava/lang/Class; java.base@17.0.7 (121 bytes) @ 0x000001e9370ddd2c [0x000001e9370dcaa0+0x000000000000128c]
J 443 c1 jdk.internal.loader.BuiltinClassLoader.findClassOnClassPathOrNull(Ljava/lang/String;)Ljava/lang/Class; java.base@17.0.7 (64 bytes) @ 0x000001e936f8f2fc [0x000001e936f8e280+0x000000000000107c]
J 2021 c1 jdk.internal.loader.BuiltinClassLoader.loadClassOrNull(Ljava/lang/String;Z)Ljava/lang/Class; java.base@17.0.7 (143 bytes) @ 0x000001e93726df74 [0x000001e93726d0c0+0x0000000000000eb4]
J 328 c1 jdk.internal.loader.ClassLoaders$AppClassLoader.loadClass(Ljava/lang/String;Z)Ljava/lang/Class; java.base@17.0.7 (40 bytes) @ 0x000001e936f66874 [0x000001e936f66260+0x0000000000000614]
J 327 c1 java.lang.ClassLoader.loadClass(Ljava/lang/String;)Ljava/lang/Class; java.base@17.0.7 (7 bytes) @ 0x000001e936f65ebc [0x000001e936f65dc0+0x00000000000000fc]
v  ~StubRoutines::call_stub
j  org.jetbrains.kotlin.metadata.ProtoBuf$Contract.<init>(Lorg/jetbrains/kotlin/protobuf/CodedInputStream;Lorg/jetbrains/kotlin/protobuf/ExtensionRegistryLite;)V+128
j  org.jetbrains.kotlin.metadata.ProtoBuf$Contract.<init>(Lorg/jetbrains/kotlin/protobuf/CodedInputStream;Lorg/jetbrains/kotlin/protobuf/ExtensionRegistryLite;Lorg/jetbrains/kotlin/metadata/ProtoBuf$1;)V+3
j  org.jetbrains.kotlin.metadata.ProtoBuf$Contract$1.parsePartialFrom(Lorg/jetbrains/kotlin/protobuf/CodedInputStream;Lorg/jetbrains/kotlin/protobuf/ExtensionRegistryLite;)Lorg/jetbrains/kotlin/metadata/ProtoBuf$Contract;+7
j  org.jetbrains.kotlin.metadata.ProtoBuf$Contract$1.parsePartialFrom(Lorg/jetbrains/kotlin/protobuf/CodedInputStream;Lorg/jetbrains/kotlin/protobuf/ExtensionRegistryLite;)Ljava/lang/Object;+3
J 1876 c2 org.jetbrains.kotlin.protobuf.CodedInputStream.readMessage(Lorg/jetbrains/kotlin/protobuf/Parser;Lorg/jetbrains/kotlin/protobuf/ExtensionRegistryLite;)Lorg/jetbrains/kotlin/protobuf/MessageLite; (74 bytes) @ 0x000001e93ea92360 [0x000001e93ea92240+0x0000000000000120]
J 1369 c1 org.jetbrains.kotlin.metadata.ProtoBuf$Function.<init>(Lorg/jetbrains/kotlin/protobuf/CodedInputStream;Lorg/jetbrains/kotlin/protobuf/ExtensionRegistryLite;)V (1410 bytes) @ 0x000001e937112fdc [0x000001e937112380+0x0000000000000c5c]
J 1367 c1 org.jetbrains.kotlin.metadata.ProtoBuf$Function$1.parsePartialFrom(Lorg/jetbrains/kotlin/protobuf/CodedInputStream;Lorg/jetbrains/kotlin/protobuf/ExtensionRegistryLite;)Lorg/jetbrains/kotlin/metadata/ProtoBuf$Function; (11 bytes) @ 0x000001e9371205cc [0x000001e9371204c0+0x000000000000010c]
J 1366 c1 org.jetbrains.kotlin.metadata.ProtoBuf$Function$1.parsePartialFrom(Lorg/jetbrains/kotlin/protobuf/CodedInputStream;Lorg/jetbrains/kotlin/protobuf/ExtensionRegistryLite;)Ljava/lang/Object; (7 bytes) @ 0x000001e937120194 [0x000001e937120120+0x0000000000000074]
J 1876 c2 org.jetbrains.kotlin.protobuf.CodedInputStream.readMessage(Lorg/jetbrains/kotlin/protobuf/Parser;Lorg/jetbrains/kotlin/protobuf/ExtensionRegistryLite;)Lorg/jetbrains/kotlin/protobuf/MessageLite; (74 bytes) @ 0x000001e93ea92360 [0x000001e93ea92240+0x0000000000000120]
j  org.jetbrains.kotlin.metadata.ProtoBuf$Package.<init>(Lorg/jetbrains/kotlin/protobuf/CodedInputStream;Lorg/jetbrains/kotlin/protobuf/ExtensionRegistryLite;)V+164
j  org.jetbrains.kotlin.metadata.ProtoBuf$Package.<init>(Lorg/jetbrains/kotlin/protobuf/CodedInputStream;Lorg/jetbrains/kotlin/protobuf/ExtensionRegistryLite;Lorg/jetbrains/kotlin/metadata/ProtoBuf$1;)V+3
j  org.jetbrains.kotlin.metadata.ProtoBuf$Package$1.parsePartialFrom(Lorg/jetbrains/kotlin/protobuf/CodedInputStream;Lorg/jetbrains/kotlin/protobuf/ExtensionRegistryLite;)Lorg/jetbrains/kotlin/metadata/ProtoBuf$Package;+7
j  org.jetbrains.kotlin.metadata.ProtoBuf$Package$1.parsePartialFrom(Lorg/jetbrains/kotlin/protobuf/CodedInputStream;Lorg/jetbrains/kotlin/protobuf/ExtensionRegistryLite;)Ljava/lang/Object;+3
j  org.jetbrains.kotlin.protobuf.AbstractParser.parsePartialFrom(Ljava/io/InputStream;Lorg/jetbrains/kotlin/protobuf/ExtensionRegistryLite;)Lorg/jetbrains/kotlin/protobuf/MessageLite;+8
j  org.jetbrains.kotlin.protobuf.AbstractParser.parseFrom(Ljava/io/InputStream;Lorg/jetbrains/kotlin/protobuf/ExtensionRegistryLite;)Lorg/jetbrains/kotlin/protobuf/MessageLite;+4
j  org.jetbrains.kotlin.protobuf.AbstractParser.parseFrom(Ljava/io/InputStream;Lorg/jetbrains/kotlin/protobuf/ExtensionRegistryLite;)Ljava/lang/Object;+3
j  org.jetbrains.kotlin.metadata.ProtoBuf$Package.parseFrom(Ljava/io/InputStream;Lorg/jetbrains/kotlin/protobuf/ExtensionRegistryLite;)Lorg/jetbrains/kotlin/metadata/ProtoBuf$Package;+5
j  org.jetbrains.kotlin.metadata.jvm.deserialization.JvmProtoBufUtil.readPackageDataFrom([B[Ljava/lang/String;)Lkotlin/Pair;+47
j  org.jetbrains.kotlin.metadata.jvm.deserialization.JvmProtoBufUtil.readPackageDataFrom([Ljava/lang/String;[Ljava/lang/String;)Lkotlin/Pair;+27
j  org.jetbrains.kotlin.load.kotlin.DeserializedDescriptorResolver.createKotlinPackagePartScope(Lorg/jetbrains/kotlin/descriptors/PackageFragmentDescriptor;Lorg/jetbrains/kotlin/load/kotlin/KotlinJvmBinaryClass;)Lorg/jetbrains/kotlin/resolve/scopes/MemberScope;+61
j  org.jetbrains.kotlin.load.java.lazy.descriptors.JvmPackageScope$kotlinScopes$2.invoke()[Lorg/jetbrains/kotlin/resolve/scopes/MemberScope;+115
j  org.jetbrains.kotlin.load.java.lazy.descriptors.JvmPackageScope$kotlinScopes$2.invoke()Ljava/lang/Object;+1
j  org.jetbrains.kotlin.storage.LockBasedStorageManager$LockBasedLazyValue.invoke()Ljava/lang/Object;+156
j  org.jetbrains.kotlin.storage.LockBasedStorageManager$LockBasedNotNullLazyValue.invoke()Ljava/lang/Object;+1
j  org.jetbrains.kotlin.storage.StorageKt.getValue(Lorg/jetbrains/kotlin/storage/NotNullLazyValue;Ljava/lang/Object;Lkotlin/reflect/KProperty;)Ljava/lang/Object;+13
j  org.jetbrains.kotlin.load.java.lazy.descriptors.JvmPackageScope.getKotlinScopes()[Lorg/jetbrains/kotlin/resolve/scopes/MemberScope;+10
j  org.jetbrains.kotlin.load.java.lazy.descriptors.JvmPackageScope.getContributedClassifier(Lorg/jetbrains/kotlin/name/Name;Lorg/jetbrains/kotlin/incremental/components/LookupLocation;)Lorg/jetbrains/kotlin/descriptors/ClassifierDescriptor;+39
j  org.jetbrains.kotlin.resolve.scopes.ChainedMemberScope.getContributedClassifier(Lorg/jetbrains/kotlin/name/Name;Lorg/jetbrains/kotlin/incremental/components/LookupLocation;)Lorg/jetbrains/kotlin/descriptors/ClassifierDescriptor;+54
j  org.jetbrains.kotlin.resolve.scopes.AbstractScopeAdapter.getContributedClassifier(Lorg/jetbrains/kotlin/name/Name;Lorg/jetbrains/kotlin/incremental/components/LookupLocation;)Lorg/jetbrains/kotlin/descriptors/ClassifierDescriptor;+18
j  org.jetbrains.kotlin.builtins.KotlinBuiltIns$3.invoke(Lorg/jetbrains/kotlin/name/Name;)Lorg/jetbrains/kotlin/descriptors/ClassDescriptor;+11
j  org.jetbrains.kotlin.builtins.KotlinBuiltIns$3.invoke(Ljava/lang/Object;)Ljava/lang/Object;+5
j  org.jetbrains.kotlin.storage.LockBasedStorageManager$MapBasedMemoizedFunction.invoke(Ljava/lang/Object;)Ljava/lang/Object;+182
j  org.jetbrains.kotlin.storage.LockBasedStorageManager$MapBasedMemoizedFunctionToNotNull.invoke(Ljava/lang/Object;)Ljava/lang/Object;+2
j  org.jetbrains.kotlin.builtins.KotlinBuiltIns.getBuiltInClassByName(Ljava/lang/String;)Lorg/jetbrains/kotlin/descriptors/ClassDescriptor;+17
j  org.jetbrains.kotlin.builtins.KotlinBuiltIns.getAny()Lorg/jetbrains/kotlin/descriptors/ClassDescriptor;+4
j  org.jetbrains.kotlin.builtins.KotlinBuiltIns.getAnyType()Lorg/jetbrains/kotlin/types/SimpleType;+1
j  org.jetbrains.kotlin.resolve.DescriptorResolver.getDefaultSupertype(Lorg/jetbrains/kotlin/descriptors/ClassDescriptor;)Lorg/jetbrains/kotlin/types/KotlinType;+78
j  org.jetbrains.kotlin.resolve.DescriptorResolver.resolveSupertypes(Lorg/jetbrains/kotlin/resolve/scopes/LexicalScope;Lorg/jetbrains/kotlin/descriptors/ClassDescriptor;Lorg/jetbrains/kotlin/psi/KtPureClassOrObject;Lorg/jetbrains/kotlin/resolve/BindingTrace;)Ljava/util/List;+184
j  org.jetbrains.kotlin.resolve.lazy.descriptors.LazyClassDescriptor.computeSupertypes()Ljava/util/Collection;+93
j  org.jetbrains.kotlin.resolve.lazy.descriptors.LazyClassDescriptor$LazyClassTypeConstructor.computeSupertypes()Ljava/util/Collection;+4
j  org.jetbrains.kotlin.types.AbstractTypeConstructor$supertypes$1.invoke()Lorg/jetbrains/kotlin/types/AbstractTypeConstructor$Supertypes;+8
j  org.jetbrains.kotlin.types.AbstractTypeConstructor$supertypes$1.invoke()Ljava/lang/Object;+1
j  org.jetbrains.kotlin.storage.LockBasedStorageManager$LockBasedLazyValue.invoke()Ljava/lang/Object;+156
j  org.jetbrains.kotlin.storage.LockBasedStorageManager$LockBasedLazyValueWithPostCompute.invoke()Ljava/lang/Object;+22
j  org.jetbrains.kotlin.storage.LockBasedStorageManager$LockBasedNotNullLazyValueWithPostCompute.invoke()Ljava/lang/Object;+1
j  org.jetbrains.kotlin.types.AbstractTypeConstructor.getSupertypes()Ljava/util/List;+4
j  org.jetbrains.kotlin.types.AbstractTypeConstructor.getSupertypes()Ljava/util/Collection;+1
j  org.jetbrains.kotlin.resolve.descriptorUtil.DescriptorUtilsKt.getSuperClassNotAny(Lorg/jetbrains/kotlin/descriptors/ClassDescriptor;)Lorg/jetbrains/kotlin/descriptors/ClassDescriptor;+15
j  org.jetbrains.kotlin.resolve.descriptorUtil.DescriptorUtilsKt.getAllSuperclassesWithoutAny(Lorg/jetbrains/kotlin/descriptors/ClassDescriptor;)Lorg/jetbrains/kotlin/utils/SmartList;+7
j  org.jetbrains.kotlin.resolve.lazy.descriptors.ClassResolutionScopesSupport$inheritanceScopeWithoutMe$1.invoke()Lorg/jetbrains/kotlin/resolve/scopes/LexicalScope;+7
j  org.jetbrains.kotlin.resolve.lazy.descriptors.ClassResolutionScopesSupport$inheritanceScopeWithoutMe$1.invoke()Ljava/lang/Object;+1
j  org.jetbrains.kotlin.storage.LockBasedStorageManager$LockBasedLazyValue.invoke()Ljava/lang/Object;+156
j  org.jetbrains.kotlin.storage.LockBasedStorageManager$LockBasedNotNullLazyValue.invoke()Ljava/lang/Object;+1
j  org.jetbrains.kotlin.resolve.lazy.descriptors.ClassResolutionScopesSupport$inheritanceScopeWithMe$1.invoke()Lorg/jetbrains/kotlin/resolve/scopes/LexicalScope;+11
j  org.jetbrains.kotlin.resolve.lazy.descriptors.ClassResolutionScopesSupport$inheritanceScopeWithMe$1.invoke()Ljava/lang/Object;+1
j  org.jetbrains.kotlin.storage.LockBasedStorageManager$LockBasedLazyValue.invoke()Ljava/lang/Object;+156
j  org.jetbrains.kotlin.storage.LockBasedStorageManager$LockBasedNotNullLazyValue.invoke()Ljava/lang/Object;+1
j  org.jetbrains.kotlin.resolve.lazy.descriptors.ClassResolutionScopesSupport$scopeForConstructorHeaderResolution$1.invoke()Lorg/jetbrains/kotlin/resolve/scopes/LexicalScopeImpl;+11
j  org.jetbrains.kotlin.resolve.lazy.descriptors.ClassResolutionScopesSupport$scopeForConstructorHeaderResolution$1.invoke()Ljava/lang/Object;+1
j  org.jetbrains.kotlin.storage.LockBasedStorageManager$LockBasedLazyValue.invoke()Ljava/lang/Object;+156
j  org.jetbrains.kotlin.storage.LockBasedStorageManager$LockBasedNotNullLazyValue.invoke()Ljava/lang/Object;+1
j  org.jetbrains.kotlin.resolve.lazy.descriptors.LazyClassDescriptor.getScopeForConstructorHeaderResolution()Lorg/jetbrains/kotlin/resolve/scopes/LexicalScope;+7
j  org.jetbrains.kotlin.resolve.lazy.descriptors.LazyClassMemberScope.resolvePrimaryConstructor()Lorg/jetbrains/kotlin/descriptors/ClassConstructorDescriptor;+103
j  org.jetbrains.kotlin.resolve.lazy.descriptors.LazyClassMemberScope$primaryConstructor$1.invoke()Lorg/jetbrains/kotlin/descriptors/ClassConstructorDescriptor;+4
j  org.jetbrains.kotlin.resolve.lazy.descriptors.LazyClassMemberScope$primaryConstructor$1.invoke()Ljava/lang/Object;+1
j  org.jetbrains.kotlin.storage.LockBasedStorageManager$LockBasedLazyValue.invoke()Ljava/lang/Object;+156
j  org.jetbrains.kotlin.resolve.lazy.descriptors.LazyClassMemberScope.getPrimaryConstructor()Lorg/jetbrains/kotlin/descriptors/ClassConstructorDescriptor;+35
j  org.jetbrains.kotlin.resolve.lazy.descriptors.LazyClassMemberScope.createPropertiesFromPrimaryConstructorParameters(Lorg/jetbrains/kotlin/name/Name;Ljava/util/Set;)V+15
j  org.jetbrains.kotlin.resolve.lazy.descriptors.LazyClassMemberScope.getNonDeclaredProperties(Lorg/jetbrains/kotlin/name/Name;Ljava/util/Set;)V+17
j  org.jetbrains.kotlin.resolve.lazy.descriptors.AbstractLazyMemberScope.doGetProperties(Lorg/jetbrains/kotlin/name/Name;)Ljava/util/Collection;+27
j  org.jetbrains.kotlin.resolve.lazy.descriptors.AbstractLazyMemberScope.access$doGetProperties(Lorg/jetbrains/kotlin/resolve/lazy/descriptors/AbstractLazyMemberScope;Lorg/jetbrains/kotlin/name/Name;)Ljava/util/Collection;+2
j  org.jetbrains.kotlin.resolve.lazy.descriptors.AbstractLazyMemberScope$propertyDescriptors$1.invoke(Lorg/jetbrains/kotlin/name/Name;)Ljava/util/Collection;+11
j  org.jetbrains.kotlin.resolve.lazy.descriptors.AbstractLazyMemberScope$propertyDescriptors$1.invoke(Ljava/lang/Object;)Ljava/lang/Object;+5
j  org.jetbrains.kotlin.storage.LockBasedStorageManager$MapBasedMemoizedFunction.invoke(Ljava/lang/Object;)Ljava/lang/Object;+182
j  org.jetbrains.kotlin.storage.LockBasedStorageManager$MapBasedMemoizedFunctionToNotNull.invoke(Ljava/lang/Object;)Ljava/lang/Object;+2
j  org.jetbrains.kotlin.resolve.lazy.descriptors.AbstractLazyMemberScope.getContributedVariables(Lorg/jetbrains/kotlin/name/Name;Lorg/jetbrains/kotlin/incremental/components/LookupLocation;)Ljava/util/Collection;+25
j  org.jetbrains.kotlin.resolve.lazy.descriptors.LazyClassMemberScope.getContributedVariables(Lorg/jetbrains/kotlin/name/Name;Lorg/jetbrains/kotlin/incremental/components/LookupLocation;)Ljava/util/Collection;+17
j  org.jetbrains.kotlin.resolve.lazy.LazyDeclarationResolver$resolveToDescriptor$1.visitParameter(Lorg/jetbrains/kotlin/psi/KtParameter;Ljava/lang/Void;)Lorg/jetbrains/kotlin/descriptors/DeclarationDescriptor;+103
j  org.jetbrains.kotlin.resolve.lazy.LazyDeclarationResolver$resolveToDescriptor$1.visitParameter(Lorg/jetbrains/kotlin/psi/KtParameter;Ljava/lang/Object;)Ljava/lang/Object;+6
j  org.jetbrains.kotlin.psi.KtParameter.accept(Lorg/jetbrains/kotlin/psi/KtVisitor;Ljava/lang/Object;)Ljava/lang/Object;+11
j  org.jetbrains.kotlin.resolve.lazy.LazyDeclarationResolver.resolveToDescriptor(Lorg/jetbrains/kotlin/psi/KtDeclaration;Z)Lorg/jetbrains/kotlin/descriptors/DeclarationDescriptor;+14
j  org.jetbrains.kotlin.resolve.lazy.LazyDeclarationResolver.resolveToDescriptor(Lorg/jetbrains/kotlin/psi/KtDeclaration;)Lorg/jetbrains/kotlin/descriptors/DeclarationDescriptor;+9
j  org.jetbrains.kotlin.resolve.LazyTopDownAnalyzer$analyzeDeclarations$1.registerPrimaryConstructorParameters(Lorg/jetbrains/kotlin/psi/KtClass;)V+55
j  org.jetbrains.kotlin.resolve.LazyTopDownAnalyzer$analyzeDeclarations$1.visitClass(Lorg/jetbrains/kotlin/psi/KtClass;)V+17
j  org.jetbrains.kotlin.psi.KtVisitorVoid.visitClass(Lorg/jetbrains/kotlin/psi/KtClass;Ljava/lang/Void;)Ljava/lang/Void;+11
j  org.jetbrains.kotlin.psi.KtVisitorVoid.visitClass(Lorg/jetbrains/kotlin/psi/KtClass;Ljava/lang/Object;)Ljava/lang/Object;+6
j  org.jetbrains.kotlin.psi.KtClass.accept(Lorg/jetbrains/kotlin/psi/KtVisitor;Ljava/lang/Object;)Ljava/lang/Object;+9
j  org.jetbrains.kotlin.psi.KtElementImplStub.accept(Lorg/jetbrains/kotlin/com/intellij/psi/PsiElementVisitor;)V+21
j  org.jetbrains.kotlin.resolve.ExceptionWrappingKtVisitorVoid.visitDeclaration(Lorg/jetbrains/kotlin/psi/KtDeclaration;)V+15
j  org.jetbrains.kotlin.psi.KtVisitorVoid.visitDeclaration(Lorg/jetbrains/kotlin/psi/KtDeclaration;Ljava/lang/Void;)Ljava/lang/Void;+11
j  org.jetbrains.kotlin.psi.KtVisitorVoid.visitDeclaration(Lorg/jetbrains/kotlin/psi/KtDeclaration;Ljava/lang/Object;)Ljava/lang/Object;+6
j  org.jetbrains.kotlin.psi.KtVisitor.visitNamedDeclaration(Lorg/jetbrains/kotlin/psi/KtNamedDeclaration;Ljava/lang/Object;)Ljava/lang/Object;+12
j  org.jetbrains.kotlin.psi.KtVisitorVoid.visitNamedDeclaration(Lorg/jetbrains/kotlin/psi/KtNamedDeclaration;)V+12
j  org.jetbrains.kotlin.psi.KtVisitorVoid.visitNamedDeclaration(Lorg/jetbrains/kotlin/psi/KtNamedDeclaration;Ljava/lang/Void;)Ljava/lang/Void;+12
j  org.jetbrains.kotlin.psi.KtVisitorVoid.visitNamedDeclaration(Lorg/jetbrains/kotlin/psi/KtNamedDeclaration;Ljava/lang/Object;)Ljava/lang/Object;+6
j  org.jetbrains.kotlin.psi.KtVisitor.visitClassOrObject(Lorg/jetbrains/kotlin/psi/KtClassOrObject;Ljava/lang/Object;)Ljava/lang/Object;+11
j  org.jetbrains.kotlin.psi.KtVisitorVoid.visitClassOrObject(Lorg/jetbrains/kotlin/psi/KtClassOrObject;)V+11
j  org.jetbrains.kotlin.psi.KtVisitorVoid.visitClassOrObject(Lorg/jetbrains/kotlin/psi/KtClassOrObject;Ljava/lang/Void;)Ljava/lang/Void;+11
j  org.jetbrains.kotlin.psi.KtVisitorVoid.visitClassOrObject(Lorg/jetbrains/kotlin/psi/KtClassOrObject;Ljava/lang/Object;)Ljava/lang/Object;+6
j  org.jetbrains.kotlin.psi.KtVisitor.visitClass(Lorg/jetbrains/kotlin/psi/KtClass;Ljava/lang/Object;)Ljava/lang/Object;+11
j  org.jetbrains.kotlin.psi.KtVisitorVoid.visitClass(Lorg/jetbrains/kotlin/psi/KtClass;)V+11
j  org.jetbrains.kotlin.psi.KtVisitorVoid.visitClass(Lorg/jetbrains/kotlin/psi/KtClass;Ljava/lang/Void;)Ljava/lang/Void;+11
j  org.jetbrains.kotlin.psi.KtVisitorVoid.visitClass(Lorg/jetbrains/kotlin/psi/KtClass;Ljava/lang/Object;)Ljava/lang/Object;+6
j  org.jetbrains.kotlin.psi.KtClass.accept(Lorg/jetbrains/kotlin/psi/KtVisitor;Ljava/lang/Object;)Ljava/lang/Object;+9
j  org.jetbrains.kotlin.psi.KtElementImplStub.accept(Lorg/jetbrains/kotlin/com/intellij/psi/PsiElementVisitor;)V+21
j  org.jetbrains.kotlin.resolve.LazyTopDownAnalyzer$analyzeDeclarations$1.registerDeclarations(Ljava/util/List;)V+41
j  org.jetbrains.kotlin.resolve.LazyTopDownAnalyzer$analyzeDeclarations$1.visitKtFile(Lorg/jetbrains/kotlin/psi/KtFile;)V+22
j  org.jetbrains.kotlin.psi.KtVisitorVoid.visitKtFile(Lorg/jetbrains/kotlin/psi/KtFile;Ljava/lang/Void;)Ljava/lang/Void;+11
j  org.jetbrains.kotlin.psi.KtVisitorVoid.visitKtFile(Lorg/jetbrains/kotlin/psi/KtFile;Ljava/lang/Object;)Ljava/lang/Object;+6
j  org.jetbrains.kotlin.psi.KtFile.accept(Lorg/jetbrains/kotlin/psi/KtVisitor;Ljava/lang/Object;)Ljava/lang/Object;+10
j  org.jetbrains.kotlin.psi.KtFile.accept(Lorg/jetbrains/kotlin/com/intellij/psi/PsiElementVisitor;)V+20
j  org.jetbrains.kotlin.resolve.ExceptionWrappingKtVisitorVoid.visitElement(Lorg/jetbrains/kotlin/com/intellij/psi/PsiElement;)V+14
j  org.jetbrains.kotlin.com.intellij.psi.PsiElementVisitor.visitFile(Lorg/jetbrains/kotlin/com/intellij/psi/PsiFile;)V+10
j  org.jetbrains.kotlin.psi.KtVisitor.visitKtFile(Lorg/jetbrains/kotlin/psi/KtFile;Ljava/lang/Object;)Ljava/lang/Object;+11
j  org.jetbrains.kotlin.psi.KtVisitorVoid.visitKtFile(Lorg/jetbrains/kotlin/psi/KtFile;)V+12
j  org.jetbrains.kotlin.psi.KtVisitorVoid.visitKtFile(Lorg/jetbrains/kotlin/psi/KtFile;Ljava/lang/Void;)Ljava/lang/Void;+11
j  org.jetbrains.kotlin.psi.KtVisitorVoid.visitKtFile(Lorg/jetbrains/kotlin/psi/KtFile;Ljava/lang/Object;)Ljava/lang/Object;+6
j  org.jetbrains.kotlin.psi.KtFile.accept(Lorg/jetbrains/kotlin/psi/KtVisitor;Ljava/lang/Object;)Ljava/lang/Object;+10
j  org.jetbrains.kotlin.psi.KtFile.accept(Lorg/jetbrains/kotlin/com/intellij/psi/PsiElementVisitor;)V+20
j  org.jetbrains.kotlin.resolve.LazyTopDownAnalyzer.analyzeDeclarations(Lorg/jetbrains/kotlin/resolve/TopDownAnalysisMode;Ljava/util/Collection;Lorg/jetbrains/kotlin/resolve/calls/smartcasts/DataFlowInfo;Lorg/jetbrains/kotlin/types/expressions/ExpressionTypingContext;)Lorg/jetbrains/kotlin/resolve/TopDownAnalysisContext;+162
j  org.jetbrains.kotlin.resolve.LazyTopDownAnalyzer.analyzeDeclarations$default(Lorg/jetbrains/kotlin/resolve/LazyTopDownAnalyzer;Lorg/jetbrains/kotlin/resolve/TopDownAnalysisMode;Ljava/util/Collection;Lorg/jetbrains/kotlin/resolve/calls/smartcasts/DataFlowInfo;Lorg/jetbrains/kotlin/types/expressions/ExpressionTypingContext;ILjava/lang/Object;)Lorg/jetbrains/kotlin/resolve/TopDownAnalysisContext;+31
j  org.jetbrains.kotlin.cli.jvm.compiler.TopDownAnalyzerFacadeForJVM.analyzeFilesWithJavaIntegration(Lorg/jetbrains/kotlin/com/intellij/openapi/project/Project;Ljava/util/Collection;Lorg/jetbrains/kotlin/resolve/BindingTrace;Lorg/jetbrains/kotlin/config/CompilerConfiguration;Lkotlin/jvm/functions/Function1;Lkotlin/jvm/functions/Function2;Lorg/jetbrains/kotlin/com/intellij/psi/search/GlobalSearchScope;Ljava/util/List;Ljava/util/List;Ljava/util/List;Lorg/jetbrains/kotlin/resolve/TargetEnvironment;)Lorg/jetbrains/kotlin/analyzer/AnalysisResult;+267
j  org.jetbrains.kotlin.cli.jvm.compiler.TopDownAnalyzerFacadeForJVM.analyzeFilesWithJavaIntegration$default(Lorg/jetbrains/kotlin/com/intellij/openapi/project/Project;Ljava/util/Collection;Lorg/jetbrains/kotlin/resolve/BindingTrace;Lorg/jetbrains/kotlin/config/CompilerConfiguration;Lkotlin/jvm/functions/Function1;Lkotlin/jvm/functions/Function2;Lorg/jetbrains/kotlin/com/intellij/psi/search/GlobalSearchScope;Ljava/util/List;Ljava/util/List;Ljava/util/List;Lorg/jetbrains/kotlin/resolve/TargetEnvironment;ILjava/lang/Object;)Lorg/jetbrains/kotlin/analyzer/AnalysisResult;+111
j  org.jetbrains.kotlin.cli.jvm.compiler.KotlinToJVMBytecodeCompiler$analyze$1.invoke()Lorg/jetbrains/kotlin/analyzer/AnalysisResult;+273
j  org.jetbrains.kotlin.cli.jvm.compiler.KotlinToJVMBytecodeCompiler$analyze$1.invoke()Ljava/lang/Object;+1
j  org.jetbrains.kotlin.cli.common.messages.AnalyzerWithCompilerReport.analyzeAndReport(Ljava/util/Collection;Lkotlin/jvm/functions/Function0;)V+16
j  org.jetbrains.kotlin.cli.jvm.compiler.KotlinToJVMBytecodeCompiler.analyze(Lorg/jetbrains/kotlin/cli/jvm/compiler/KotlinCoreEnvironment;)Lorg/jetbrains/kotlin/analyzer/AnalysisResult;+160
j  org.jetbrains.kotlin.cli.jvm.compiler.KotlinToJVMBytecodeCompiler.compileModules$cli(Lorg/jetbrains/kotlin/cli/jvm/compiler/KotlinCoreEnvironment;Ljava/io/File;Ljava/util/List;Z)Z+406
j  org.jetbrains.kotlin.cli.jvm.compiler.KotlinToJVMBytecodeCompiler.compileModules$cli$default(Lorg/jetbrains/kotlin/cli/jvm/compiler/KotlinToJVMBytecodeCompiler;Lorg/jetbrains/kotlin/cli/jvm/compiler/KotlinCoreEnvironment;Ljava/io/File;Ljava/util/List;ZILjava/lang/Object;)Z+17
j  org.jetbrains.kotlin.cli.jvm.K2JVMCompiler.doExecute(Lorg/jetbrains/kotlin/cli/common/arguments/K2JVMCompilerArguments;Lorg/jetbrains/kotlin/config/CompilerConfiguration;Lorg/jetbrains/kotlin/com/intellij/openapi/Disposable;Lorg/jetbrains/kotlin/utils/KotlinPaths;)Lorg/jetbrains/kotlin/cli/common/ExitCode;+1046
j  org.jetbrains.kotlin.cli.jvm.K2JVMCompiler.doExecute(Lorg/jetbrains/kotlin/cli/common/arguments/CommonCompilerArguments;Lorg/jetbrains/kotlin/config/CompilerConfiguration;Lorg/jetbrains/kotlin/com/intellij/openapi/Disposable;Lorg/jetbrains/kotlin/utils/KotlinPaths;)Lorg/jetbrains/kotlin/cli/common/ExitCode;+9
j  org.jetbrains.kotlin.cli.common.CLICompiler.execImpl(Lorg/jetbrains/kotlin/cli/common/messages/MessageCollector;Lorg/jetbrains/kotlin/config/Services;Lorg/jetbrains/kotlin/cli/common/arguments/CommonCompilerArguments;)Lorg/jetbrains/kotlin/cli/common/ExitCode;+220
j  org.jetbrains.kotlin.cli.common.CLICompiler.execImpl(Lorg/jetbrains/kotlin/cli/common/messages/MessageCollector;Lorg/jetbrains/kotlin/config/Services;Lorg/jetbrains/kotlin/cli/common/arguments/CommonToolArguments;)Lorg/jetbrains/kotlin/cli/common/ExitCode;+7
j  org.jetbrains.kotlin.cli.common.CLITool.exec(Lorg/jetbrains/kotlin/cli/common/messages/MessageCollector;Lorg/jetbrains/kotlin/config/Services;Lorg/jetbrains/kotlin/cli/common/arguments/CommonToolArguments;)Lorg/jetbrains/kotlin/cli/common/ExitCode;+76
j  org.jetbrains.kotlin.cli.common.CLITool.exec(Ljava/io/PrintStream;Lorg/jetbrains/kotlin/config/Services;Lorg/jetbrains/kotlin/cli/common/messages/MessageRenderer;[Ljava/lang/String;)Lorg/jetbrains/kotlin/cli/common/ExitCode;+239
j  org.jetbrains.kotlin.cli.common.CLITool.exec(Ljava/io/PrintStream;Lorg/jetbrains/kotlin/cli/common/messages/MessageRenderer;[Ljava/lang/String;)Lorg/jetbrains/kotlin/cli/common/ExitCode;+25
j  org.jetbrains.kotlin.cli.common.CLITool$Companion.doMainNoExit(Lorg/jetbrains/kotlin/cli/common/CLITool;[Ljava/lang/String;Lorg/jetbrains/kotlin/cli/common/messages/MessageRenderer;)Lorg/jetbrains/kotlin/cli/common/ExitCode;+39
j  org.jetbrains.kotlin.cli.common.CLITool$Companion.doMainNoExit$default(Lorg/jetbrains/kotlin/cli/common/CLITool$Companion;Lorg/jetbrains/kotlin/cli/common/CLITool;[Ljava/lang/String;Lorg/jetbrains/kotlin/cli/common/messages/MessageRenderer;ILjava/lang/Object;)Lorg/jetbrains/kotlin/cli/common/ExitCode;+16
j  org.jetbrains.kotlin.cli.common.CLITool$Companion.doMain(Lorg/jetbrains/kotlin/cli/common/CLITool;[Ljava/lang/String;)V+54
j  org.jetbrains.kotlin.cli.jvm.K2JVMCompiler$Companion.main([Ljava/lang/String;)V+20
j  org.jetbrains.kotlin.cli.jvm.K2JVMCompiler.main([Ljava/lang/String;)V+4
v  ~StubRoutines::call_stub

---------------  P R O C E S S  ---------------

Threads class SMR info:
_java_thread_list=0x000001e95351d500, length=12, elements={
0x000001e933a11190, 0x000001e94c4bcb10, 0x000001e94c4bd980, 0x000001e94c63ba30,
0x000001e94c63d5f0, 0x000001e94c6400b0, 0x000001e94c640a60, 0x000001e94c6431c0,
0x000001e94c65eea0, 0x000001e94c6617b0, 0x000001e94c7b46d0, 0x000001e94c7bd580
}

Java Threads: ( => current thread )
=>0x000001e933a11190 JavaThread "main" [_thread_in_vm, id=2572, stack(0x0000003d20100000,0x0000003d20200000)]
  0x000001e94c4bcb10 JavaThread "Reference Handler" daemon [_thread_blocked, id=18064, stack(0x0000003d20800000,0x0000003d20900000)]
  0x000001e94c4bd980 JavaThread "Finalizer" daemon [_thread_blocked, id=3620, stack(0x0000003d20900000,0x0000003d20a00000)]
  0x000001e94c63ba30 JavaThread "Signal Dispatcher" daemon [_thread_blocked, id=18648, stack(0x0000003d20a00000,0x0000003d20b00000)]
  0x000001e94c63d5f0 JavaThread "Attach Listener" daemon [_thread_blocked, id=10456, stack(0x0000003d20b00000,0x0000003d20c00000)]
  0x000001e94c6400b0 JavaThread "Service Thread" daemon [_thread_blocked, id=8928, stack(0x0000003d20c00000,0x0000003d20d00000)]
  0x000001e94c640a60 JavaThread "Monitor Deflation Thread" daemon [_thread_blocked, id=2036, stack(0x0000003d20d00000,0x0000003d20e00000)]
  0x000001e94c6431c0 JavaThread "C2 CompilerThread0" daemon [_thread_in_native, id=6060, stack(0x0000003d20e00000,0x0000003d20f00000)]
  0x000001e94c65eea0 JavaThread "C1 CompilerThread0" daemon [_thread_in_vm, id=20324, stack(0x0000003d20f00000,0x0000003d21000000)]
  0x000001e94c6617b0 JavaThread "Sweeper thread" daemon [_thread_blocked, id=7560, stack(0x0000003d21000000,0x0000003d21100000)]
  0x000001e94c7b46d0 JavaThread "Notification Thread" daemon [_thread_blocked, id=15352, stack(0x0000003d21100000,0x0000003d21200000)]
  0x000001e94c7bd580 JavaThread "Common-Cleaner" daemon [_thread_blocked, id=9716, stack(0x0000003d21300000,0x0000003d21400000)]

Other Threads:
  0x000001e94c4b8a00 VMThread "VM Thread" [stack: 0x0000003d20700000,0x0000003d20800000] [id=2932]
  0x000001e94c443690 WatcherThread [stack: 0x0000003d21200000,0x0000003d21300000] [id=19900]
  0x000001e933a5ec40 GCTaskThread "GC Thread#0" [stack: 0x0000003d20200000,0x0000003d20300000] [id=472]
  0x000001e9513c3b80 GCTaskThread "GC Thread#1" [stack: 0x0000003d21400000,0x0000003d21500000] [id=4464]
  0x000001e951362dd0 GCTaskThread "GC Thread#2" [stack: 0x0000003d21500000,0x0000003d21600000] [id=7120]
  0x000001e9513653a0 GCTaskThread "GC Thread#3" [stack: 0x0000003d21600000,0x0000003d21700000] [id=18848]
  0x000001e951365c60 GCTaskThread "GC Thread#4" [stack: 0x0000003d21700000,0x0000003d21800000] [id=13872]
  0x000001e9513bebe0 GCTaskThread "GC Thread#5" [stack: 0x0000003d21800000,0x0000003d21900000] [id=19180]
  0x000001e95182b520 GCTaskThread "GC Thread#6" [stack: 0x0000003d21900000,0x0000003d21a00000] [id=8588]
  0x000001e95189cc40 GCTaskThread "GC Thread#7" [stack: 0x0000003d21a00000,0x0000003d21b00000] [id=11564]
  0x000001e933a6b800 ConcurrentGCThread "G1 Main Marker" [stack: 0x0000003d20300000,0x0000003d20400000] [id=18692]
  0x000001e933a6c9b0 ConcurrentGCThread "G1 Conc#0" [stack: 0x0000003d20400000,0x0000003d20500000] [id=14988]
  0x000001e95184b040 ConcurrentGCThread "G1 Conc#1" [stack: 0x0000003d21b00000,0x0000003d21c00000] [id=19132]
  0x000001e933ade850 ConcurrentGCThread "G1 Refine#0" [stack: 0x0000003d20500000,0x0000003d20600000] [id=19604]
  0x000001e951c478d0 ConcurrentGCThread "G1 Refine#1" [stack: 0x0000003d21d00000,0x0000003d21e00000] [id=11488]
  0x000001e94c30e440 ConcurrentGCThread "G1 Service" [stack: 0x0000003d20600000,0x0000003d20700000] [id=16976]

Threads with active compile tasks:
C2 CompilerThread0     4631 2280   !   4       java.net.URL::<init> (543 bytes)
C1 CompilerThread0     4631 2410       3       org.jetbrains.kotlin.protobuf.FieldSet::iterator (40 bytes)

VM state: not at safepoint (normal execution)

VM Mutex/Monitor currently owned by a thread:  ([mutex/lock_event])
[0x000001e933a0b3f0] Metaspace_lock - owner thread: 0x000001e933a11190
[0x000001e933a0d760] MethodData_lock - owner thread: 0x000001e94c65eea0

Heap address: 0x00000000a1c00000, size: 1508 MB, Compressed Oops mode: 32-bit

CDS archive(s) not mapped
Compressed class space mapped at: 0x0000000100000000-0x0000000140000000, reserved size: 1073741824
Narrow klass base: 0x0000000000000000, Narrow klass shift: 3, Narrow klass range: 0x140000000

GC Precious Log:
 CPUs: 8 total, 8 available
 Memory: 6030M
 Large Page Support: Disabled
 NUMA Support: Disabled
 Compressed Oops: Enabled (32-bit)
 Heap Region Size: 1M
 Heap Min Capacity: 8M
 Heap Initial Capacity: 96M
 Heap Max Capacity: 1508M
 Pre-touch: Disabled
 Parallel Workers: 8
 Concurrent Workers: 2
 Concurrent Refinement Workers: 8
 Periodic GC: Disabled

Heap:
 garbage-first heap   total 65536K, used 34420K [0x00000000a1c00000, 0x0000000100000000)
  region size 1024K, 21 young (21504K), 4 survivors (4096K)
 Metaspace       used 39217K, committed 39424K, reserved 1114112K
  class space    used 4734K, committed 4864K, reserved 1048576K

Heap Regions: E=young(eden), S=young(survivor), O=old, HS=humongous(starts), HC=humongous(continues), CS=collection set, F=free, OA=open archive, CA=closed archive, TAMS=top-at-mark-start (previous, next)
|   0|0x00000000a1c00000, 0x00000000a1d00000, 0x00000000a1d00000|100%|HS|  |TAMS 0x00000000a1d00000, 0x00000000a1c00000| Complete 
|   1|0x00000000a1d00000, 0x00000000a1e00000, 0x00000000a1e00000|100%|HC|  |TAMS 0x00000000a1e00000, 0x00000000a1d00000| Complete 
|   2|0x00000000a1e00000, 0x00000000a1f00000, 0x00000000a1f00000|100%|HC|  |TAMS 0x00000000a1f00000, 0x00000000a1e00000| Complete 
|   3|0x00000000a1f00000, 0x00000000a2000000, 0x00000000a2000000|100%|HC|  |TAMS 0x00000000a2000000, 0x00000000a1f00000| Complete 
|   4|0x00000000a2000000, 0x00000000a2100000, 0x00000000a2100000|100%| O|  |TAMS 0x00000000a2100000, 0x00000000a2000000| Untracked 
|   5|0x00000000a2100000, 0x00000000a2200000, 0x00000000a2200000|100%| O|  |TAMS 0x00000000a2200000, 0x00000000a2100000| Untracked 
|   6|0x00000000a2200000, 0x00000000a2300000, 0x00000000a2300000|100%| O|  |TAMS 0x00000000a2300000, 0x00000000a2200000| Untracked 
|   7|0x00000000a2300000, 0x00000000a239d000, 0x00000000a2400000| 61%| O|  |TAMS 0x00000000a2300000, 0x00000000a2300000| Untracked 
|   8|0x00000000a2400000, 0x00000000a2400000, 0x00000000a2500000|  0%| F|  |TAMS 0x00000000a2400000, 0x00000000a2400000| Untracked 
|   9|0x00000000a2500000, 0x00000000a2600000, 0x00000000a2600000|100%| O|  |TAMS 0x00000000a2600000, 0x00000000a2500000| Untracked 
|  10|0x00000000a2600000, 0x00000000a2700000, 0x00000000a2700000|100%| O|  |TAMS 0x00000000a2642600, 0x00000000a2600000| Untracked 
|  11|0x00000000a2700000, 0x00000000a2700000, 0x00000000a2800000|  0%| F|  |TAMS 0x00000000a2700000, 0x00000000a2700000| Untracked 
|  12|0x00000000a2800000, 0x00000000a2800000, 0x00000000a2900000|  0%| F|  |TAMS 0x00000000a2800000, 0x00000000a2800000| Untracked 
|  13|0x00000000a2900000, 0x00000000a2a00000, 0x00000000a2a00000|100%| O|  |TAMS 0x00000000a2a00000, 0x00000000a2900000| Untracked 
|  14|0x00000000a2a00000, 0x00000000a2b00000, 0x00000000a2b00000|100%| O|  |TAMS 0x00000000a2b00000, 0x00000000a2a00000| Untracked 
|  15|0x00000000a2b00000, 0x00000000a2c00000, 0x00000000a2c00000|100%| O|  |TAMS 0x00000000a2c00000, 0x00000000a2b00000| Untracked 
|  16|0x00000000a2c00000, 0x00000000a2d00000, 0x00000000a2d00000|100%| O|  |TAMS 0x00000000a2d00000, 0x00000000a2c00000| Untracked 
|  17|0x00000000a2d00000, 0x00000000a2d00000, 0x00000000a2e00000|  0%| F|  |TAMS 0x00000000a2d00000, 0x00000000a2d00000| Untracked 
|  18|0x00000000a2e00000, 0x00000000a2e00000, 0x00000000a2f00000|  0%| F|  |TAMS 0x00000000a2e00000, 0x00000000a2e00000| Untracked 
|  19|0x00000000a2f00000, 0x00000000a2f00000, 0x00000000a3000000|  0%| F|  |TAMS 0x00000000a2f00000, 0x00000000a2f00000| Untracked 
|  20|0x00000000a3000000, 0x00000000a3000000, 0x00000000a3100000|  0%| F|  |TAMS 0x00000000a3000000, 0x00000000a3000000| Untracked 
|  21|0x00000000a3100000, 0x00000000a3100000, 0x00000000a3200000|  0%| F|  |TAMS 0x00000000a3100000, 0x00000000a3100000| Untracked 
|  22|0x00000000a3200000, 0x00000000a3200000, 0x00000000a3300000|  0%| F|  |TAMS 0x00000000a3200000, 0x00000000a3200000| Untracked 
|  23|0x00000000a3300000, 0x00000000a3300000, 0x00000000a3400000|  0%| F|  |TAMS 0x00000000a3300000, 0x00000000a3300000| Untracked 
|  24|0x00000000a3400000, 0x00000000a3400000, 0x00000000a3500000|  0%| F|  |TAMS 0x00000000a3400000, 0x00000000a3400000| Untracked 
|  25|0x00000000a3500000, 0x00000000a3500000, 0x00000000a3600000|  0%| F|  |TAMS 0x00000000a3500000, 0x00000000a3500000| Untracked 
|  26|0x00000000a3600000, 0x00000000a3600000, 0x00000000a3700000|  0%| F|  |TAMS 0x00000000a3600000, 0x00000000a3600000| Untracked 
|  27|0x00000000a3700000, 0x00000000a3700000, 0x00000000a3800000|  0%| F|  |TAMS 0x00000000a3700000, 0x00000000a3700000| Untracked 
|  28|0x00000000a3800000, 0x00000000a3800000, 0x00000000a3900000|  0%| F|  |TAMS 0x00000000a3800000, 0x00000000a3800000| Untracked 
|  29|0x00000000a3900000, 0x00000000a3900000, 0x00000000a3a00000|  0%| F|  |TAMS 0x00000000a3900000, 0x00000000a3900000| Untracked 
|  30|0x00000000a3a00000, 0x00000000a3a00000, 0x00000000a3b00000|  0%| F|  |TAMS 0x00000000a3a00000, 0x00000000a3a00000| Untracked 
|  31|0x00000000a3b00000, 0x00000000a3b00000, 0x00000000a3c00000|  0%| F|  |TAMS 0x00000000a3b00000, 0x00000000a3b00000| Untracked 
|  32|0x00000000a3c00000, 0x00000000a3c00000, 0x00000000a3d00000|  0%| F|  |TAMS 0x00000000a3c00000, 0x00000000a3c00000| Untracked 
|  33|0x00000000a3d00000, 0x00000000a3e00000, 0x00000000a3e00000|100%| S|CS|TAMS 0x00000000a3d00000, 0x00000000a3d00000| Complete 
|  34|0x00000000a3e00000, 0x00000000a3f00000, 0x00000000a3f00000|100%| S|CS|TAMS 0x00000000a3e00000, 0x00000000a3e00000| Complete 
|  35|0x00000000a3f00000, 0x00000000a4000000, 0x00000000a4000000|100%| S|CS|TAMS 0x00000000a3f00000, 0x00000000a3f00000| Complete 
|  36|0x00000000a4000000, 0x00000000a4100000, 0x00000000a4100000|100%| S|CS|TAMS 0x00000000a4000000, 0x00000000a4000000| Complete 
|  37|0x00000000a4100000, 0x00000000a4100000, 0x00000000a4200000|  0%| F|  |TAMS 0x00000000a4100000, 0x00000000a4100000| Untracked 
|  38|0x00000000a4200000, 0x00000000a4200000, 0x00000000a4300000|  0%| F|  |TAMS 0x00000000a4200000, 0x00000000a4200000| Untracked 
|  39|0x00000000a4300000, 0x00000000a4300000, 0x00000000a4400000|  0%| F|  |TAMS 0x00000000a4300000, 0x00000000a4300000| Untracked 
|  40|0x00000000a4400000, 0x00000000a4400000, 0x00000000a4500000|  0%| F|  |TAMS 0x00000000a4400000, 0x00000000a4400000| Untracked 
|  41|0x00000000a4500000, 0x00000000a4500000, 0x00000000a4600000|  0%| F|  |TAMS 0x00000000a4500000, 0x00000000a4500000| Untracked 
|  42|0x00000000a4600000, 0x00000000a4600000, 0x00000000a4700000|  0%| F|  |TAMS 0x00000000a4600000, 0x00000000a4600000| Untracked 
|  43|0x00000000a4700000, 0x00000000a4700000, 0x00000000a4800000|  0%| F|  |TAMS 0x00000000a4700000, 0x00000000a4700000| Untracked 
|  44|0x00000000a4800000, 0x00000000a4800000, 0x00000000a4900000|  0%| F|  |TAMS 0x00000000a4800000, 0x00000000a4800000| Untracked 
|  45|0x00000000a4900000, 0x00000000a4900000, 0x00000000a4a00000|  0%| F|  |TAMS 0x00000000a4900000, 0x00000000a4900000| Untracked 
|  46|0x00000000a4a00000, 0x00000000a4af9c20, 0x00000000a4b00000| 97%| E|  |TAMS 0x00000000a4a00000, 0x00000000a4a00000| Complete 
|  47|0x00000000a4b00000, 0x00000000a4c00000, 0x00000000a4c00000|100%| E|  |TAMS 0x00000000a4b00000, 0x00000000a4b00000| Complete 
|  48|0x00000000a4c00000, 0x00000000a4d00000, 0x00000000a4d00000|100%| E|CS|TAMS 0x00000000a4c00000, 0x00000000a4c00000| Complete 
|  49|0x00000000a4d00000, 0x00000000a4e00000, 0x00000000a4e00000|100%| E|CS|TAMS 0x00000000a4d00000, 0x00000000a4d00000| Complete 
|  50|0x00000000a4e00000, 0x00000000a4f00000, 0x00000000a4f00000|100%| E|CS|TAMS 0x00000000a4e00000, 0x00000000a4e00000| Complete 
|  51|0x00000000a4f00000, 0x00000000a5000000, 0x00000000a5000000|100%| E|CS|TAMS 0x00000000a4f00000, 0x00000000a4f00000| Complete 
|  52|0x00000000a5000000, 0x00000000a5100000, 0x00000000a5100000|100%| E|CS|TAMS 0x00000000a5000000, 0x00000000a5000000| Complete 
|  53|0x00000000a5100000, 0x00000000a5200000, 0x00000000a5200000|100%| E|CS|TAMS 0x00000000a5100000, 0x00000000a5100000| Complete 
|  54|0x00000000a5200000, 0x00000000a5300000, 0x00000000a5300000|100%| E|CS|TAMS 0x00000000a5200000, 0x00000000a5200000| Complete 
|  55|0x00000000a5300000, 0x00000000a5400000, 0x00000000a5400000|100%| E|CS|TAMS 0x00000000a5300000, 0x00000000a5300000| Complete 
|  56|0x00000000a5400000, 0x00000000a5500000, 0x00000000a5500000|100%| E|CS|TAMS 0x00000000a5400000, 0x00000000a5400000| Complete 
|  57|0x00000000a5500000, 0x00000000a5600000, 0x00000000a5600000|100%| E|CS|TAMS 0x00000000a5500000, 0x00000000a5500000| Complete 
|  58|0x00000000a5600000, 0x00000000a5700000, 0x00000000a5700000|100%| E|CS|TAMS 0x00000000a5600000, 0x00000000a5600000| Complete 
|  59|0x00000000a5700000, 0x00000000a5800000, 0x00000000a5800000|100%| E|CS|TAMS 0x00000000a5700000, 0x00000000a5700000| Complete 
|  60|0x00000000a5800000, 0x00000000a5900000, 0x00000000a5900000|100%| E|CS|TAMS 0x00000000a5800000, 0x00000000a5800000| Complete 
|  75|0x00000000a6700000, 0x00000000a6800000, 0x00000000a6800000|100%| E|CS|TAMS 0x00000000a6700000, 0x00000000a6700000| Complete 
|  95|0x00000000a7b00000, 0x00000000a7c00000, 0x00000000a7c00000|100%| E|CS|TAMS 0x00000000a7b00000, 0x00000000a7b00000| Complete 
|1507|0x00000000fff00000, 0x0000000100000000, 0x0000000100000000|100%| O|  |TAMS 0x0000000100000000, 0x00000000fff00000| Untracked 

Card table byte_map: [0x000001e946520000,0x000001e946820000] _byte_map_base: 0x000001e946012000

Marking Bits (Prev, Next): (CMBitMap*) 0x000001e933a5f290, (CMBitMap*) 0x000001e933a5f250
 Prev Bits: [0x000001e9482b0000, 0x000001e949a40000)
 Next Bits: [0x000001e946b20000, 0x000001e9482b0000)

Polling page: 0x000001e931b90000

Metaspace:

Usage:
  Non-class:     33.67 MB used.
      Class:      4.62 MB used.
       Both:     38.30 MB used.

Virtual space:
  Non-class space:       64.00 MB reserved,      33.75 MB ( 53%) committed,  1 nodes.
      Class space:        1.00 GB reserved,       4.75 MB ( <1%) committed,  1 nodes.
             Both:        1.06 GB reserved,      38.50 MB (  4%) committed. 

Chunk freelists:
   Non-Class:  14.05 MB
       Class:  11.23 MB
        Both:  25.28 MB

MaxMetaspaceSize: unlimited
CompressedClassSpaceSize: 1.00 GB
Initial GC threshold: 21.00 MB
Current GC threshold: 46.06 MB
CDS: off
MetaspaceReclaimPolicy: balanced
 - commit_granule_bytes: 65536.
 - commit_granule_words: 8192.
 - virtual_space_node_default_size: 8388608.
 - enlarge_chunks_in_place: 1.
 - new_chunks_are_fully_committed: 0.
 - uncommit_free_chunks: 1.
 - use_allocation_guard: 0.
 - handle_deallocations: 1.


Internal statistics:

num_allocs_failed_limit: 3.
num_arena_births: 140.
num_arena_deaths: 0.
num_vsnodes_births: 2.
num_vsnodes_deaths: 0.
num_space_committed: 615.
num_space_uncommitted: 0.
num_chunks_returned_to_freelist: 3.
num_chunks_taken_from_freelist: 1219.
num_chunk_merges: 3.
num_chunk_splits: 1005.
num_chunks_enlarged: 916.
num_inconsistent_stats: 0.

CodeHeap 'non-profiled nmethods': size=120000Kb used=948Kb max_used=948Kb free=119052Kb
 bounds [0x000001e93e9c0000, 0x000001e93ec30000, 0x000001e945ef0000]
CodeHeap 'profiled nmethods': size=120000Kb used=4415Kb max_used=4415Kb free=115584Kb
 bounds [0x000001e936ef0000, 0x000001e937340000, 0x000001e93e420000]
CodeHeap 'non-nmethods': size=5760Kb used=1242Kb max_used=1281Kb free=4517Kb
 bounds [0x000001e93e420000, 0x000001e93e690000, 0x000001e93e9c0000]
 total_blobs=2922 nmethods=2375 adapters=459
 compilation: enabled
              stopped_count=0, restarted_count=0
 full_count=0

Compilation events (20 events):
Event: 4.590 Thread 0x000001e94c65eea0 nmethod 2395 0x000001e937334790 code [0x000001e937334d40, 0x000001e937337788]
Event: 4.590 Thread 0x000001e94c65eea0 2401       3       org.jetbrains.kotlin.protobuf.FieldSet::getSerializedSize (109 bytes)
Event: 4.591 Thread 0x000001e94c65eea0 nmethod 2401 0x000001e937338790 code [0x000001e937338a80, 0x000001e937339d68]
Event: 4.591 Thread 0x000001e94c65eea0 2397       3       org.jetbrains.kotlin.protobuf.CodedOutputStream::writeRawBytes (11 bytes)
Event: 4.591 Thread 0x000001e94c65eea0 nmethod 2397 0x000001e93733a290 code [0x000001e93733a440, 0x000001e93733a658]
Event: 4.591 Thread 0x000001e94c65eea0 2398       3       org.jetbrains.kotlin.protobuf.CodedOutputStream::writeRawBytes (157 bytes)
Event: 4.592 Thread 0x000001e94c65eea0 nmethod 2398 0x000001e93733a790 code [0x000001e93733a980, 0x000001e93733af28]
Event: 4.592 Thread 0x000001e94c65eea0 2399       3       org.jetbrains.kotlin.protobuf.ByteString::copyTo (224 bytes)
Event: 4.594 Thread 0x000001e94c65eea0 nmethod 2399 0x000001e93733b110 code [0x000001e93733b5e0, 0x000001e93733d458]
Event: 4.594 Thread 0x000001e94c65eea0 2406       3       org.jetbrains.kotlin.protobuf.SmallSortedMap$EntryIterator::hasNext (39 bytes)
Event: 4.595 Thread 0x000001e94c65eea0 nmethod 2406 0x000001e93733df90 code [0x000001e93733e180, 0x000001e93733e758]
Event: 4.595 Thread 0x000001e94c65eea0 2400       3       org.jetbrains.kotlin.protobuf.GeneratedMessageLite$ExtendableMessage::extensionsSerializedSize (8 bytes)
Event: 4.595 Thread 0x000001e94c65eea0 nmethod 2400 0x000001e93733e990 code [0x000001e93733eb40, 0x000001e93733ec88]
Event: 4.595 Thread 0x000001e94c65eea0 2407       3       org.jetbrains.kotlin.protobuf.GeneratedMessageLite$ExtendableMessage::newExtensionWriter (11 bytes)
Event: 4.595 Thread 0x000001e94c65eea0 nmethod 2407 0x000001e93733ed90 code [0x000001e93733ef40, 0x000001e93733f148]
Event: 4.595 Thread 0x000001e94c65eea0 2408       3       org.jetbrains.kotlin.protobuf.GeneratedMessageLite$ExtendableMessage$ExtensionWriter::<init> (7 bytes)
Event: 4.595 Thread 0x000001e94c65eea0 nmethod 2408 0x000001e93733f290 code [0x000001e93733f420, 0x000001e93733f568]
Event: 4.595 Thread 0x000001e94c65eea0 2409       3       org.jetbrains.kotlin.protobuf.GeneratedMessageLite$ExtendableMessage$ExtensionWriter::<init> (57 bytes)
Event: 4.596 Thread 0x000001e94c65eea0 nmethod 2409 0x000001e93733f610 code [0x000001e93733f800, 0x000001e93733fdc8]
Event: 4.596 Thread 0x000001e94c65eea0 2410       3       org.jetbrains.kotlin.protobuf.FieldSet::iterator (40 bytes)

GC Heap History (18 events):
Event: 1.091 GC heap before
{Heap before GC invocations=0 (full 0):
 garbage-first heap   total 98304K, used 27648K [0x00000000a1c00000, 0x0000000100000000)
  region size 1024K, 23 young (23552K), 0 survivors (0K)
 Metaspace       used 14512K, committed 14656K, reserved 1114112K
  class space    used 1445K, committed 1536K, reserved 1048576K
}
Event: 1.098 GC heap after
{Heap after GC invocations=1 (full 0):
 garbage-first heap   total 98304K, used 6989K [0x00000000a1c00000, 0x0000000100000000)
  region size 1024K, 3 young (3072K), 3 survivors (3072K)
 Metaspace       used 14512K, committed 14656K, reserved 1114112K
  class space    used 1445K, committed 1536K, reserved 1048576K
}
Event: 1.664 GC heap before
{Heap before GC invocations=1 (full 0):
 garbage-first heap   total 98304K, used 26445K [0x00000000a1c00000, 0x0000000100000000)
  region size 1024K, 23 young (23552K), 3 survivors (3072K)
 Metaspace       used 21341K, committed 21504K, reserved 1114112K
  class space    used 2414K, committed 2496K, reserved 1048576K
}
Event: 1.671 GC heap after
{Heap after GC invocations=2 (full 0):
 garbage-first heap   total 98304K, used 7769K [0x00000000a1c00000, 0x0000000100000000)
  region size 1024K, 1 young (1024K), 1 survivors (1024K)
 Metaspace       used 21341K, committed 21504K, reserved 1114112K
  class space    used 2414K, committed 2496K, reserved 1048576K
}
Event: 1.974 GC heap before
{Heap before GC invocations=3 (full 0):
 garbage-first heap   total 30720K, used 25177K [0x00000000a1c00000, 0x0000000100000000)
  region size 1024K, 17 young (17408K), 1 survivors (1024K)
 Metaspace       used 22900K, committed 23104K, reserved 1114112K
  class space    used 2779K, committed 2880K, reserved 1048576K
}
Event: 1.985 GC heap after
{Heap after GC invocations=4 (full 0):
 garbage-first heap   total 31744K, used 13752K [0x00000000a1c00000, 0x0000000100000000)
  region size 1024K, 3 young (3072K), 3 survivors (3072K)
 Metaspace       used 22900K, committed 23104K, reserved 1114112K
  class space    used 2779K, committed 2880K, reserved 1048576K
}
Event: 1.993 GC heap before
{Heap before GC invocations=4 (full 0):
 garbage-first heap   total 31744K, used 14776K [0x00000000a1c00000, 0x0000000100000000)
  region size 1024K, 4 young (4096K), 3 survivors (3072K)
 Metaspace       used 22900K, committed 23104K, reserved 1114112K
  class space    used 2779K, committed 2880K, reserved 1048576K
}
Event: 2.000 GC heap after
{Heap after GC invocations=5 (full 0):
 garbage-first heap   total 31744K, used 14947K [0x00000000a1c00000, 0x0000000100000000)
  region size 1024K, 1 young (1024K), 1 survivors (1024K)
 Metaspace       used 22900K, committed 23104K, reserved 1114112K
  class space    used 2779K, committed 2880K, reserved 1048576K
}
Event: 2.322 GC heap before
{Heap before GC invocations=5 (full 0):
 garbage-first heap   total 31744K, used 21091K [0x00000000a1c00000, 0x0000000100000000)
  region size 1024K, 8 young (8192K), 1 survivors (1024K)
 Metaspace       used 25047K, committed 25216K, reserved 1114112K
  class space    used 3243K, committed 3328K, reserved 1048576K
}
Event: 2.328 GC heap after
{Heap after GC invocations=6 (full 0):
 garbage-first heap   total 31744K, used 15904K [0x00000000a1c00000, 0x0000000100000000)
  region size 1024K, 1 young (1024K), 1 survivors (1024K)
 Metaspace       used 25047K, committed 25216K, reserved 1114112K
  class space    used 3243K, committed 3328K, reserved 1048576K
}
Event: 2.499 GC heap before
{Heap before GC invocations=7 (full 0):
 garbage-first heap   total 31744K, used 22048K [0x00000000a1c00000, 0x0000000100000000)
  region size 1024K, 7 young (7168K), 1 survivors (1024K)
 Metaspace       used 27168K, committed 27392K, reserved 1114112K
  class space    used 3483K, committed 3584K, reserved 1048576K
}
Event: 2.503 GC heap after
{Heap after GC invocations=8 (full 0):
 garbage-first heap   total 31744K, used 16003K [0x00000000a1c00000, 0x0000000100000000)
  region size 1024K, 1 young (1024K), 1 survivors (1024K)
 Metaspace       used 27168K, committed 27392K, reserved 1114112K
  class space    used 3483K, committed 3584K, reserved 1048576K
}
Event: 2.718 GC heap before
{Heap before GC invocations=8 (full 0):
 garbage-first heap   total 31744K, used 21123K [0x00000000a1c00000, 0x0000000100000000)
  region size 1024K, 7 young (7168K), 1 survivors (1024K)
 Metaspace       used 28149K, committed 28288K, reserved 1114112K
  class space    used 3588K, committed 3648K, reserved 1048576K
}
Event: 2.722 GC heap after
{Heap after GC invocations=9 (full 0):
 garbage-first heap   total 31744K, used 14878K [0x00000000a1c00000, 0x0000000100000000)
  region size 1024K, 1 young (1024K), 1 survivors (1024K)
 Metaspace       used 28149K, committed 28288K, reserved 1114112K
  class space    used 3588K, committed 3648K, reserved 1048576K
}
Event: 3.001 GC heap before
{Heap before GC invocations=10 (full 0):
 garbage-first heap   total 31744K, used 21022K [0x00000000a1c00000, 0x0000000100000000)
  region size 1024K, 8 young (8192K), 1 survivors (1024K)
 Metaspace       used 29624K, committed 29760K, reserved 1114112K
  class space    used 3769K, committed 3840K, reserved 1048576K
}
Event: 3.007 GC heap after
{Heap after GC invocations=11 (full 0):
 garbage-first heap   total 65536K, used 15726K [0x00000000a1c00000, 0x0000000100000000)
  region size 1024K, 1 young (1024K), 1 survivors (1024K)
 Metaspace       used 29624K, committed 29760K, reserved 1114112K
  class space    used 3769K, committed 3840K, reserved 1048576K
}
Event: 3.907 GC heap before
{Heap before GC invocations=11 (full 0):
 garbage-first heap   total 65536K, used 42350K [0x00000000a1c00000, 0x0000000100000000)
  region size 1024K, 27 young (27648K), 1 survivors (1024K)
 Metaspace       used 34895K, committed 35072K, reserved 1114112K
  class space    used 4251K, committed 4352K, reserved 1048576K
}
Event: 3.921 GC heap after
{Heap after GC invocations=12 (full 0):
 garbage-first heap   total 65536K, used 19060K [0x00000000a1c00000, 0x0000000100000000)
  region size 1024K, 4 young (4096K), 4 survivors (4096K)
 Metaspace       used 34895K, committed 35072K, reserved 1114112K
  class space    used 4251K, committed 4352K, reserved 1048576K
}

Dll operation events (2 events):
Event: 0.011 Loaded shared library D:\estudio\jbr\bin\java.dll
Event: 1.485 Loaded shared library D:\estudio\jbr\bin\verify.dll

Deoptimization events (20 events):
Event: 4.472 Thread 0x000001e933a11190 Uncommon trap: trap_request=0xffffffde fr.pc=0x000001e93eaa42c8 relative=0x0000000000000188
Event: 4.472 Thread 0x000001e933a11190 Uncommon trap: reason=class_check action=maybe_recompile pc=0x000001e93eaa42c8 method=java.lang.Character.codePointAt(Ljava/lang/CharSequence;I)I @ 2 c2
Event: 4.472 Thread 0x000001e933a11190 DEOPT PACKING pc=0x000001e93eaa42c8 sp=0x0000003d201fb230
Event: 4.472 Thread 0x000001e933a11190 DEOPT UNPACKING pc=0x000001e93e4769a3 sp=0x0000003d201fb1e8 mode 2
Event: 4.472 Thread 0x000001e933a11190 Uncommon trap: trap_request=0xffffffde fr.pc=0x000001e93eaa42c8 relative=0x0000000000000188
Event: 4.472 Thread 0x000001e933a11190 Uncommon trap: reason=class_check action=maybe_recompile pc=0x000001e93eaa42c8 method=java.lang.Character.codePointAt(Ljava/lang/CharSequence;I)I @ 2 c2
Event: 4.472 Thread 0x000001e933a11190 DEOPT PACKING pc=0x000001e93eaa42c8 sp=0x0000003d201fb230
Event: 4.472 Thread 0x000001e933a11190 DEOPT UNPACKING pc=0x000001e93e4769a3 sp=0x0000003d201fb1e8 mode 2
Event: 4.473 Thread 0x000001e933a11190 Uncommon trap: trap_request=0xffffffde fr.pc=0x000001e93eaa42c8 relative=0x0000000000000188
Event: 4.473 Thread 0x000001e933a11190 Uncommon trap: reason=class_check action=maybe_recompile pc=0x000001e93eaa42c8 method=java.lang.Character.codePointAt(Ljava/lang/CharSequence;I)I @ 2 c2
Event: 4.473 Thread 0x000001e933a11190 DEOPT PACKING pc=0x000001e93eaa42c8 sp=0x0000003d201fb230
Event: 4.473 Thread 0x000001e933a11190 DEOPT UNPACKING pc=0x000001e93e4769a3 sp=0x0000003d201fb1e8 mode 2
Event: 4.473 Thread 0x000001e933a11190 Uncommon trap: trap_request=0xffffffde fr.pc=0x000001e93eaa42c8 relative=0x0000000000000188
Event: 4.473 Thread 0x000001e933a11190 Uncommon trap: reason=class_check action=maybe_recompile pc=0x000001e93eaa42c8 method=java.lang.Character.codePointAt(Ljava/lang/CharSequence;I)I @ 2 c2
Event: 4.473 Thread 0x000001e933a11190 DEOPT PACKING pc=0x000001e93eaa42c8 sp=0x0000003d201fb230
Event: 4.473 Thread 0x000001e933a11190 DEOPT UNPACKING pc=0x000001e93e4769a3 sp=0x0000003d201fb1e8 mode 2
Event: 4.547 Thread 0x000001e933a11190 DEOPT PACKING pc=0x000001e937239ce5 sp=0x0000003d201fad30
Event: 4.547 Thread 0x000001e933a11190 DEOPT UNPACKING pc=0x000001e93e477143 sp=0x0000003d201fa180 mode 0
Event: 4.574 Thread 0x000001e933a11190 DEOPT PACKING pc=0x000001e93726b738 sp=0x0000003d201f8700
Event: 4.574 Thread 0x000001e933a11190 DEOPT UNPACKING pc=0x000001e93e477143 sp=0x0000003d201f7c18 mode 0

Classes unloaded (0 events):
No events

Classes redefined (0 events):
No events

Internal exceptions (20 events):
Event: 1.198 Thread 0x000001e933a11190 Exception <a 'java/lang/NoSuchMethodError'{0x00000000a7878b00}: 'java.lang.Object java.lang.invoke.DirectMethodHandle$Holder.invokeSpecial(java.lang.Object, java.lang.Object, java.lang.Object, java.lang.Object, long)'> (0x00000000a7878b00) 
thrown [s\src\hotspot\share\interpreter\linkResolver.cpp, line 771]
Event: 1.203 Thread 0x000001e933a11190 Exception <a 'java/lang/NoSuchMethodError'{0x00000000a7888108}: 'int java.lang.invoke.DelegatingMethodHandle$Holder.reinvoke_L(java.lang.Object, java.lang.Object, java.lang.Object, long, java.lang.Object, java.lang.Object)'> (0x00000000a7888108) 
thrown [s\src\hotspot\share\interpreter\linkResolver.cpp, line 771]
Event: 1.207 Thread 0x000001e933a11190 Exception <a 'java/lang/NoSuchMethodError'{0x00000000a7896c98}: 'int java.lang.invoke.DelegatingMethodHandle$Holder.reinvoke_L(java.lang.Object, java.lang.Object, java.lang.Object, long, int, int)'> (0x00000000a7896c98) 
thrown [s\src\hotspot\share\interpreter\linkResolver.cpp, line 771]
Event: 1.210 Thread 0x000001e933a11190 Exception <a 'java/lang/NoSuchMethodError'{0x00000000a78a55d0}: 'int java.lang.invoke.DelegatingMethodHandle$Holder.reinvoke_L(java.lang.Object, java.lang.Object, java.lang.Object, long, long, long)'> (0x00000000a78a55d0) 
thrown [s\src\hotspot\share\interpreter\linkResolver.cpp, line 771]
Event: 1.213 Thread 0x000001e933a11190 Exception <a 'java/lang/NoSuchMethodError'{0x00000000a78b3be8}: 'int java.lang.invoke.DelegatingMethodHandle$Holder.reinvoke_L(java.lang.Object, java.lang.Object, java.lang.Object, long, int)'> (0x00000000a78b3be8) 
thrown [s\src\hotspot\share\interpreter\linkResolver.cpp, line 771]
Event: 1.235 Thread 0x000001e933a11190 Exception <a 'java/lang/NoSuchMethodError'{0x00000000a775cac8}: 'int java.lang.invoke.DirectMethodHandle$Holder.invokeStaticInit(java.lang.Object, java.lang.Object, java.lang.Object)'> (0x00000000a775cac8) 
thrown [s\src\hotspot\share\interpreter\linkResolver.cpp, line 771]
Event: 1.242 Thread 0x000001e933a11190 Exception <a 'java/lang/NoSuchMethodError'{0x00000000a7785de8}: 'int java.lang.invoke.DirectMethodHandle$Holder.invokeStaticInit(java.lang.Object, java.lang.Object)'> (0x00000000a7785de8) 
thrown [s\src\hotspot\share\interpreter\linkResolver.cpp, line 771]
Event: 1.294 Thread 0x000001e933a11190 Exception <a 'java/lang/NoSuchMethodError'{0x00000000a76668a8}: 'void java.lang.invoke.DirectMethodHandle$Holder.invokeSpecial(java.lang.Object, java.lang.Object, java.lang.Object)'> (0x00000000a76668a8) 
thrown [s\src\hotspot\share\interpreter\linkResolver.cpp, line 771]
Event: 1.379 Thread 0x000001e933a11190 Exception <a 'java/lang/NoSuchMethodError'{0x00000000a738e520}: 'void java.lang.invoke.DirectMethodHandle$Holder.invokeStatic(java.lang.Object, java.lang.Object, java.lang.Object, java.lang.Object)'> (0x00000000a738e520) 
thrown [s\src\hotspot\share\interpreter\linkResolver.cpp, line 771]
Event: 1.450 Thread 0x000001e933a11190 Exception <a 'java/lang/NoSuchMethodError'{0x00000000a6f55918}: 'void java.lang.invoke.DirectMethodHandle$Holder.invokeStaticInit(java.lang.Object, java.lang.Object)'> (0x00000000a6f55918) 
thrown [s\src\hotspot\share\interpreter\linkResolver.cpp, line 771]
Event: 1.556 Thread 0x000001e933a11190 Exception <a 'java/lang/NoSuchMethodError'{0x00000000a6a16108}: 'void java.lang.invoke.DirectMethodHandle$Holder.invokeVirtual(java.lang.Object, java.lang.Object)'> (0x00000000a6a16108) 
thrown [s\src\hotspot\share\interpreter\linkResolver.cpp, line 771]
Event: 1.567 Thread 0x000001e933a11190 Exception <a 'java/lang/NoSuchMethodError'{0x00000000a6a909f0}: 'int java.lang.invoke.DirectMethodHandle$Holder.invokeVirtual(java.lang.Object, java.lang.Object)'> (0x00000000a6a909f0) 
thrown [s\src\hotspot\share\interpreter\linkResolver.cpp, line 771]
Event: 1.593 Thread 0x000001e933a11190 Exception <a 'java/lang/NoSuchMethodError'{0x00000000a694c910}: 'java.lang.Object java.lang.invoke.Invokers$Holder.invokeExact_MT(java.lang.Object, java.lang.Object, java.lang.Object, java.lang.Object, java.lang.Object, java.lang.Object)'> (0x00000000a694c910) 
thrown [s\src\hotspot\share\interpreter\linkResolver.cpp, line 771]
Event: 2.357 Thread 0x000001e933a11190 Implicit null exception at 0x000001e93e9e4272 to 0x000001e93e9e483c
Event: 2.533 Thread 0x000001e933a11190 Implicit null exception at 0x000001e93e9ea772 to 0x000001e93e9ead4c
Event: 2.643 Thread 0x000001e933a11190 Exception <a 'java/lang/NoSuchMethodError'{0x00000000a3584918}: 'java.lang.Object java.lang.invoke.DirectMethodHandle$Holder.invokeVirtual(java.lang.Object, java.lang.Object, java.lang.Object)'> (0x00000000a3584918) 
thrown [s\src\hotspot\share\interpreter\linkResolver.cpp, line 771]
Event: 4.231 Thread 0x000001e933a11190 Exception <a 'java/lang/NoSuchMethodError'{0x00000000a5212570}: 'java.lang.Object java.lang.invoke.DirectMethodHandle$Holder.newInvokeSpecial(java.lang.Object, java.lang.Object, int)'> (0x00000000a5212570) 
thrown [s\src\hotspot\share\interpreter\linkResolver.cpp, line 771]
Event: 4.343 Thread 0x000001e933a11190 Exception <a 'java/lang/NoSuchMethodError'{0x00000000a51ef5e0}: 'java.lang.Object java.lang.invoke.DirectMethodHandle$Holder.newInvokeSpecial(java.lang.Object, java.lang.Object, java.lang.Object, int)'> (0x00000000a51ef5e0) 
thrown [s\src\hotspot\share\interpreter\linkResolver.cpp, line 771]
Event: 4.344 Thread 0x000001e933a11190 Exception <a 'java/lang/NoSuchMethodError'{0x00000000a51f3f10}: 'java.lang.Object java.lang.invoke.DirectMethodHandle$Holder.invokeSpecial(java.lang.Object, java.lang.Object, java.lang.Object, java.lang.Object, int)'> (0x00000000a51f3f10) 
thrown [s\src\hotspot\share\interpreter\linkResolver.cpp, line 771]
Event: 4.344 Thread 0x000001e933a11190 Exception <a 'java/lang/NoSuchMethodError'{0x00000000a51f7d80}: 'java.lang.Object java.lang.invoke.Invokers$Holder.linkToTargetMethod(java.lang.Object, java.lang.Object, int, java.lang.Object)'> (0x00000000a51f7d80) 
thrown [s\src\hotspot\share\interpreter\linkResolver.cpp, line 771]

VM Operations (20 events):
Event: 2.718 Executing VM operation: G1CollectForAllocation
Event: 2.722 Executing VM operation: G1CollectForAllocation done
Event: 2.735 Executing VM operation: G1Concurrent
Event: 2.737 Executing VM operation: G1Concurrent done
Event: 2.742 Executing VM operation: G1Concurrent
Event: 2.743 Executing VM operation: G1Concurrent done
Event: 3.001 Executing VM operation: G1CollectForAllocation
Event: 3.007 Executing VM operation: G1CollectForAllocation done
Event: 3.897 Executing VM operation: ICBufferFull
Event: 3.897 Executing VM operation: ICBufferFull done
Event: 3.907 Executing VM operation: G1CollectForAllocation
Event: 3.921 Executing VM operation: G1CollectForAllocation done
Event: 4.307 Executing VM operation: HandshakeAllThreads
Event: 4.307 Executing VM operation: HandshakeAllThreads done
Event: 4.338 Executing VM operation: HandshakeAllThreads
Event: 4.338 Executing VM operation: HandshakeAllThreads done
Event: 4.470 Executing VM operation: HandshakeAllThreads
Event: 4.470 Executing VM operation: HandshakeAllThreads done
Event: 4.572 Executing VM operation: HandshakeAllThreads
Event: 4.572 Executing VM operation: HandshakeAllThreads done

Events (20 events):
Event: 4.161 loading class java/util/AbstractMap$SimpleImmutableEntry
Event: 4.161 loading class java/util/AbstractMap$SimpleImmutableEntry done
Event: 4.215 loading class java/util/regex/Pattern$StartS
Event: 4.216 loading class java/util/regex/Pattern$StartS done
Event: 4.228 loading class java/util/function/IntUnaryOperator
Event: 4.229 loading class java/util/function/IntUnaryOperator done
Event: 4.307 loading class java/util/ArrayList$ListItr
Event: 4.307 loading class java/util/ArrayList$ListItr done
Event: 4.410 loading class java/util/regex/Matcher
Event: 4.411 loading class java/util/regex/MatchResult
Event: 4.411 loading class java/util/regex/MatchResult done
Event: 4.411 loading class java/util/regex/Matcher done
Event: 4.411 loading class java/util/regex/IntHashSet
Event: 4.411 loading class java/util/regex/IntHashSet done
Event: 4.511 loading class java/security/AccessControlException
Event: 4.511 loading class java/security/AccessControlException done
Event: 4.523 loading class java/lang/annotation/ElementType
Event: 4.523 loading class java/lang/annotation/ElementType done
Event: 4.523 loading class java/lang/Override
Event: 4.523 loading class java/lang/Override done


Dynamic libraries:
0x00007ff6372b0000 - 0x00007ff6372ba000 	D:\estudio\jbr\bin\java.exe
0x00007ff9cb290000 - 0x00007ff9cb488000 	C:\Windows\SYSTEM32\ntdll.dll
0x00007ff9c9960000 - 0x00007ff9c9a1d000 	C:\Windows\System32\KERNEL32.DLL
0x00007ff9c8ea0000 - 0x00007ff9c9196000 	C:\Windows\System32\KERNELBASE.dll
0x00007ff9c8a60000 - 0x00007ff9c8b60000 	C:\Windows\System32\ucrtbase.dll
0x00007ff9b8680000 - 0x00007ff9b8697000 	D:\estudio\jbr\bin\jli.dll
0x00007ff9c4470000 - 0x00007ff9c448b000 	D:\estudio\jbr\bin\VCRUNTIME140.dll
0x00007ff9c93c0000 - 0x00007ff9c955e000 	C:\Windows\System32\USER32.dll
0x00007ff9c8cc0000 - 0x00007ff9c8ce2000 	C:\Windows\System32\win32u.dll
0x00007ff9b7400000 - 0x00007ff9b769a000 	C:\Windows\WinSxS\amd64_microsoft.windows.common-controls_6595b64144ccf1df_6.0.19041.3636_none_60b6a03d71f818d5\COMCTL32.dll
0x00007ff9c96d0000 - 0x00007ff9c96fb000 	C:\Windows\System32\GDI32.dll
0x00007ff9ca790000 - 0x00007ff9ca82e000 	C:\Windows\System32\msvcrt.dll
0x00007ff9c8d80000 - 0x00007ff9c8e97000 	C:\Windows\System32\gdi32full.dll
0x00007ff9c8970000 - 0x00007ff9c8a0d000 	C:\Windows\System32\msvcp_win.dll
0x00007ff9ca8a0000 - 0x00007ff9ca8d2000 	C:\Windows\System32\IMM32.DLL
0x00007ff9c4460000 - 0x00007ff9c446c000 	D:\estudio\jbr\bin\vcruntime140_1.dll
0x00007ff9a4eb0000 - 0x00007ff9a4f3d000 	D:\estudio\jbr\bin\msvcp140.dll
0x00007ff99be50000 - 0x00007ff99cad0000 	D:\estudio\jbr\bin\server\jvm.dll
0x00007ff9c98b0000 - 0x00007ff9c9960000 	C:\Windows\System32\ADVAPI32.dll
0x00007ff9c92c0000 - 0x00007ff9c9360000 	C:\Windows\System32\sechost.dll
0x00007ff9ca060000 - 0x00007ff9ca185000 	C:\Windows\System32\RPCRT4.dll
0x00007ff9c8940000 - 0x00007ff9c8967000 	C:\Windows\System32\bcrypt.dll
0x00007ff9be440000 - 0x00007ff9be467000 	C:\Windows\SYSTEM32\WINMM.dll
0x00007ff9b2bb0000 - 0x00007ff9b2bb9000 	C:\Windows\SYSTEM32\WSOCK32.dll
0x00007ff9c03f0000 - 0x00007ff9c03fa000 	C:\Windows\SYSTEM32\VERSION.dll
0x00007ff9ca830000 - 0x00007ff9ca89b000 	C:\Windows\System32\WS2_32.dll
0x00007ff9c67f0000 - 0x00007ff9c6802000 	C:\Windows\SYSTEM32\kernel.appcore.dll
0x00007ff9ba070000 - 0x00007ff9ba07a000 	D:\estudio\jbr\bin\jimage.dll
0x00007ff9bfad0000 - 0x00007ff9bfcb4000 	C:\Windows\SYSTEM32\DBGHELP.DLL
0x00007ff9b4b10000 - 0x00007ff9b4b44000 	C:\Windows\SYSTEM32\dbgcore.DLL
0x00007ff9c8cf0000 - 0x00007ff9c8d72000 	C:\Windows\System32\bcryptPrimitives.dll
0x00007ff9b9040000 - 0x00007ff9b9065000 	D:\estudio\jbr\bin\java.dll
0x00007ff9b9020000 - 0x00007ff9b9038000 	D:\estudio\jbr\bin\zip.dll
0x00007ff9ca8e0000 - 0x00007ff9cb04b000 	C:\Windows\System32\SHELL32.dll
0x00007ff9c69f0000 - 0x00007ff9c718e000 	C:\Windows\SYSTEM32\windows.storage.dll
0x00007ff9ca190000 - 0x00007ff9ca4e3000 	C:\Windows\System32\combase.dll
0x00007ff9c82a0000 - 0x00007ff9c82ce000 	C:\Windows\SYSTEM32\Wldp.dll
0x00007ff9c9f30000 - 0x00007ff9c9ffd000 	C:\Windows\System32\OLEAUT32.dll
0x00007ff9c9620000 - 0x00007ff9c96cd000 	C:\Windows\System32\SHCORE.dll
0x00007ff9c95c0000 - 0x00007ff9c9615000 	C:\Windows\System32\shlwapi.dll
0x00007ff9c8870000 - 0x00007ff9c8895000 	C:\Windows\SYSTEM32\profapi.dll
0x00007ff9b8bf0000 - 0x00007ff9b8c09000 	D:\estudio\jbr\bin\net.dll
0x00007ff9c2a80000 - 0x00007ff9c2b8a000 	C:\Windows\SYSTEM32\WINHTTP.dll
0x00007ff9c8000000 - 0x00007ff9c806a000 	C:\Windows\system32\mswsock.dll
0x00007ff9b8770000 - 0x00007ff9b8786000 	D:\estudio\jbr\bin\nio.dll
0x00007ff9b9fb0000 - 0x00007ff9b9fc0000 	D:\estudio\jbr\bin\verify.dll

dbghelp: loaded successfully - version: 4.0.5 - missing functions: none
symbol engine: initialized successfully - sym options: 0x614 - pdb path: .;D:\estudio\jbr\bin;C:\Windows\SYSTEM32;C:\Windows\WinSxS\amd64_microsoft.windows.common-controls_6595b64144ccf1df_6.0.19041.3636_none_60b6a03d71f818d5;D:\estudio\jbr\bin\server

VM Arguments:
java_command: org.jetbrains.kotlin.cli.jvm.K2JVMCompiler @C:\Users\WANDER-TS\Desktop\pro\AppGynRv\app\build\20240323_6643657468335739361.compiler.options
java_class_path (initial): C:\Users\WANDER-TS\.gradle\caches\modules-2\files-2.1\org.jetbrains.kotlin\kotlin-compiler-embeddable\1.9.22\9cd4dc7773cf2a99ecd961a88fbbc9a2da3fb5e1\kotlin-compiler-embeddable-1.9.22.jar;C:\Users\WANDER-TS\.gradle\caches\modules-2\files-2.1\org.jetbrains.kotlin\kotlin-stdlib\1.9.22\d6c44cd08d8f3f9bece8101216dbe6553365c6e3\kotlin-stdlib-1.9.22.jar;C:\Users\WANDER-TS\.gradle\caches\modules-2\files-2.1\org.jetbrains.kotlin\kotlin-script-runtime\1.9.22\f8139a46fc677ec9badc49ae954392f4f5e7e7c7\kotlin-script-runtime-1.9.22.jar;C:\Users\WANDER-TS\.gradle\caches\modules-2\files-2.1\org.jetbrains.kotlin\kotlin-reflect\1.6.10\1cbe9c92c12a94eea200d23c2bbaedaf3daf5132\kotlin-reflect-1.6.10.jar;C:\Users\WANDER-TS\.gradle\caches\modules-2\files-2.1\org.jetbrains.kotlin\kotlin-daemon-embeddable\1.9.22\20e2c5df715f3240c765cfc222530e2796542021\kotlin-daemon-embeddable-1.9.22.jar;C:\Users\WANDER-TS\.gradle\caches\modules-2\files-2.1\org.jetbrains.intellij.deps\trove4j\1.0.20200330\3afb14d5f9ceb459d724e907a21145e8ff394f02\trove4j-1.0.20200330.jar;C:\Users\WANDER-TS\.gradle\caches\modules-2\files-2.1\org.jetbrains\annotations\13.0\919f0dfe192fb4e063e7dacadee7f8bb9a2672a9\annotations-13.0.jar
Launcher Type: SUN_STANDARD

[Global flags]
     intx CICompilerCount                          = 4                                         {product} {ergonomic}
     uint ConcGCThreads                            = 2                                         {product} {ergonomic}
     uint G1ConcRefinementThreads                  = 8                                         {product} {ergonomic}
   size_t G1HeapRegionSize                         = 1048576                                   {product} {ergonomic}
    uintx GCDrainStackTargetSize                   = 64                                        {product} {ergonomic}
   size_t InitialHeapSize                          = 100663296                                 {product} {ergonomic}
   size_t MarkStackSize                            = 4194304                                   {product} {ergonomic}
   size_t MaxHeapSize                              = 1581252608                                {product} {ergonomic}
   size_t MaxNewSize                               = 947912704                                 {product} {ergonomic}
   size_t MinHeapDeltaBytes                        = 1048576                                   {product} {ergonomic}
   size_t MinHeapSize                              = 8388608                                   {product} {ergonomic}
    uintx NonNMethodCodeHeapSize                   = 5839372                                {pd product} {ergonomic}
    uintx NonProfiledCodeHeapSize                  = 122909434                              {pd product} {ergonomic}
    uintx ProfiledCodeHeapSize                     = 122909434                              {pd product} {ergonomic}
    uintx ReservedCodeCacheSize                    = 251658240                              {pd product} {ergonomic}
     bool SegmentedCodeCache                       = true                                      {product} {ergonomic}
   size_t SoftMaxHeapSize                          = 1581252608                             {manageable} {ergonomic}
     bool UseCompressedClassPointers               = true                           {product lp64_product} {ergonomic}
     bool UseCompressedOops                        = true                           {product lp64_product} {ergonomic}
     bool UseG1GC                                  = true                                      {product} {ergonomic}
     bool UseLargePagesIndividualAllocation        = false                                  {pd product} {ergonomic}

Logging:
Log output configuration:
 #0: stdout all=warning uptime,level,tags
 #1: stderr all=off uptime,level,tags

Environment Variables:
JAVA_HOME=C:\Program Files (x86)\Java\jdk1.8.0_45
PATH=C:\Python312\Scripts\;C:\Python312\;C:\ProgramData\Oracle\Java\javapath;C:\Program Files\Common Files\Oracle\Java\javapath;C:\Program Files (x86)\Common Files\Oracle\Java\javapath;C:\Program Files\Microsoft\jdk-11.0.16.101-hotspot\bin;C:\Windows\system32;C:\Windows;C:\Windows\System32\Wbem;C:\Windows\System32\WindowsPowerShell\v1.0\;C:\Windows\System32\OpenSSH\;C:\Program Files (x86)\Microsoft SQL Server\160\Tools\Binn\;C:\Program Files\Microsoft SQL Server\160\Tools\Binn\;C:\Program Files\Microsoft SQL Server\Client SDK\ODBC\170\Tools\Binn\;C:\Program Files\Microsoft SQL Server\160\DTS\Binn\;C:\Program Files (x86)\Microsoft SQL Server\160\DTS\Binn\;C:\Program Files\Azure Data Studio\bin;C:\Program Files (x86)\Rational\common;C:\Program Files\Microsoft SQL Server\150\Tools\Binn\;C:\Program Files\nodejs\;C:\ProgramData\chocolatey\bin;C:\Program Files\Git\cmd;E:\software\sqllite;C:\Users\WANDER-TS\AppData\Local\Programs\Python\Python311\Scripts\;C:\Users\WANDER-TS\AppData\Local\Programs\Python\Python311\;C:\Users\WANDER-TS\AppData\Local\Microsoft\WindowsApps;C:\Users\WANDER-TS\AppData\Local\Programs\Microsoft VS Code\bin;C:\Program Files\Azure Data Studio\bin;C:\Users\WANDER-TS\AppData\Local\Programs\Python\Python311\Lib\site-packages\escpos\__init__.py;C:\Users\WANDER-TS\AppData\Roaming\npm;C:\apache-maven-3.8.6\bin;E:\software\sqllite;;E:\titiosf\IntelliJ IDEA Community Edition 2023.3.2\bin;
USERNAME=WANDER-TS
OS=Windows_NT
PROCESSOR_IDENTIFIER=AMD64 Family 23 Model 24 Stepping 1, AuthenticAMD
TMP=C:\Users\WANDER~1\AppData\Local\Temp
TEMP=C:\Users\WANDER~1\AppData\Local\Temp


JNI global refs:
JNI global refs: 9, weak refs: 13

JNI global refs memory usage: 843, weak refs: 841

OOME stack traces (most recent first):
Classloader memory used:
Loader jdk.internal.loader.ClassLoaders$AppClassLoader                                 : 3653K
Loader bootstrap                                                                       : 1246K
Loader jdk.internal.reflect.DelegatingClassLoader                                      : 2219B


---------------  S Y S T E M  ---------------

OS:
 Windows 10 , 64 bit Build 19041 (10.0.19041.3636)
OS uptime: 5 days 7:19 hours

CPU: total 8 (initial active 8) (8 cores per cpu, 2 threads per core) family 23 model 24 stepping 1 microcode 0x0, cx8, cmov, fxsr, ht, mmx, 3dnowpref, sse, sse2, sse3, ssse3, sse4a, sse4.1, sse4.2, popcnt, lzcnt, tsc, tscinvbit, avx, avx2, aes, clmul, bmi1, bmi2, adx, sha, fma, vzeroupper, clflush, clflushopt

Memory: 4k page, system-wide physical 6030M (280M free)
TotalPageFile size 17804M (AvailPageFile size 3M)
current process WorkingSet (physical memory assigned to process): 171M, peak: 171M
current process commit charge ("private bytes"): 215M, peak: 217M

vm_info: OpenJDK 64-Bit Server VM (17.0.7+0-b2043.56-10550314) for windows-amd64 JRE (17.0.7+0-b2043.56-10550314), built on Jul 24 2023 18:27:45 by "androidbuild" with MS VC++ 16.10 / 16.11 (VS2019)

END.
